[0.149s] DEBUG:colcon:Command line arguments: ['/usr/bin/colcon', 'list', '-p', '--base-paths', '/home/cem/Sandbox/eca_a9']
[0.149s] DEBUG:colcon:Parsed command line arguments: Namespace(base_paths=['/home/cem/Sandbox/eca_a9'], build_base='build', ignore_user_meta=False, log_base=None, log_level=None, main=<bound method ListVerb.main of <colcon_package_information.verb.list.ListVerb object at 0x7f73851304f0>>, metas=['./colcon.meta'], names_only=False, packages_above=None, packages_above_and_dependencies=None, packages_above_depth=None, packages_end=None, packages_ignore=None, packages_ignore_regex=None, packages_select=None, packages_select_build_failed=False, packages_select_by_dep=None, packages_select_regex=None, packages_select_test_failures=False, packages_skip=None, packages_skip_build_finished=False, packages_skip_by_dep=None, packages_skip_regex=None, packages_skip_test_passed=False, packages_skip_up_to=None, packages_start=None, packages_up_to=None, packages_up_to_regex=None, paths=None, paths_only=True, topological_graph=False, topological_graph_density=False, topological_graph_dot=False, topological_graph_dot_cluster=False, topological_graph_dot_include_skipped=False, topological_graph_legend=False, topological_order=False, verb_extension=<colcon_package_information.verb.list.ListVerb object at 0x7f73851304f0>, verb_name='list', verb_parser=<colcon_defaults.argument_parser.defaults.DefaultArgumentsDecorator object at 0x7f73850b3c70>)
[0.182s] Level 1:colcon.colcon_core.package_discovery:discover_packages(colcon_meta) check parameters
[0.182s] Level 1:colcon.colcon_core.package_discovery:discover_packages(recursive) check parameters
[0.182s] Level 1:colcon.colcon_core.package_discovery:discover_packages(ignore) check parameters
[0.182s] Level 1:colcon.colcon_core.package_discovery:discover_packages(path) check parameters
[0.182s] Level 1:colcon.colcon_core.package_discovery:discover_packages(recursive) discover
[0.182s] INFO:colcon.colcon_core.package_discovery:Crawling recursively for packages in '/home/cem/Sandbox/eca_a9'
[0.182s] Level 1:colcon.colcon_core.package_identification:_identify(/home/cem/Sandbox/eca_a9) by extensions ['ignore', 'ignore_ament_install']
[0.182s] Level 1:colcon.colcon_core.package_identification:_identify(/home/cem/Sandbox/eca_a9) by extension 'ignore'
[0.183s] Level 1:colcon.colcon_core.package_identification:_identify(/home/cem/Sandbox/eca_a9) by extension 'ignore_ament_install'
[0.183s] Level 1:colcon.colcon_core.package_identification:_identify(/home/cem/Sandbox/eca_a9) by extensions ['colcon_pkg']
[0.183s] Level 1:colcon.colcon_core.package_identification:_identify(/home/cem/Sandbox/eca_a9) by extension 'colcon_pkg'
[0.183s] Level 1:colcon.colcon_core.package_identification:_identify(/home/cem/Sandbox/eca_a9) by extensions ['colcon_meta']
[0.183s] Level 1:colcon.colcon_core.package_identification:_identify(/home/cem/Sandbox/eca_a9) by extension 'colcon_meta'
[0.183s] Level 1:colcon.colcon_core.package_identification:_identify(/home/cem/Sandbox/eca_a9) by extensions ['ros']
[0.183s] Level 1:colcon.colcon_core.package_identification:_identify(/home/cem/Sandbox/eca_a9) by extension 'ros'
[0.194s] Level 1:colcon.colcon_core.package_identification:_identify(/home/cem/Sandbox/eca_a9) by extensions ['cmake', 'python']
[0.194s] Level 1:colcon.colcon_core.package_identification:_identify(/home/cem/Sandbox/eca_a9) by extension 'cmake'
[0.194s] Level 1:colcon.colcon_core.package_identification:_identify(/home/cem/Sandbox/eca_a9) by extension 'python'
[0.194s] Level 1:colcon.colcon_core.package_identification:_identify(/home/cem/Sandbox/eca_a9) by extensions ['python_setup_py']
[0.194s] Level 1:colcon.colcon_core.package_identification:_identify(/home/cem/Sandbox/eca_a9) by extension 'python_setup_py'
[0.195s] Level 1:colcon.colcon_core.package_identification:_identify(/home/cem/Sandbox/eca_a9/eca_a9_control) by extensions ['ignore', 'ignore_ament_install']
[0.195s] Level 1:colcon.colcon_core.package_identification:_identify(/home/cem/Sandbox/eca_a9/eca_a9_control) by extension 'ignore'
[0.195s] Level 1:colcon.colcon_core.package_identification:_identify(/home/cem/Sandbox/eca_a9/eca_a9_control) by extension 'ignore_ament_install'
[0.195s] Level 1:colcon.colcon_core.package_identification:_identify(/home/cem/Sandbox/eca_a9/eca_a9_control) by extensions ['colcon_pkg']
[0.195s] Level 1:colcon.colcon_core.package_identification:_identify(/home/cem/Sandbox/eca_a9/eca_a9_control) by extension 'colcon_pkg'
[0.195s] Level 1:colcon.colcon_core.package_identification:_identify(/home/cem/Sandbox/eca_a9/eca_a9_control) by extensions ['colcon_meta']
[0.195s] Level 1:colcon.colcon_core.package_identification:_identify(/home/cem/Sandbox/eca_a9/eca_a9_control) by extension 'colcon_meta'
[0.195s] Level 1:colcon.colcon_core.package_identification:_identify(/home/cem/Sandbox/eca_a9/eca_a9_control) by extensions ['ros']
[0.195s] Level 1:colcon.colcon_core.package_identification:_identify(/home/cem/Sandbox/eca_a9/eca_a9_control) by extension 'ros'
[0.195s] Level 1:colcon.colcon_core.package_identification:_identify(/home/cem/Sandbox/eca_a9/eca_a9_control) by extensions ['cmake', 'python']
[0.195s] Level 1:colcon.colcon_core.package_identification:_identify(/home/cem/Sandbox/eca_a9/eca_a9_control) by extension 'cmake'
[0.195s] Level 1:colcon.colcon_core.package_identification:_identify(/home/cem/Sandbox/eca_a9/eca_a9_control) by extension 'python'
[0.195s] Level 1:colcon.colcon_core.package_identification:_identify(/home/cem/Sandbox/eca_a9/eca_a9_control) by extensions ['python_setup_py']
[0.195s] Level 1:colcon.colcon_core.package_identification:_identify(/home/cem/Sandbox/eca_a9/eca_a9_control) by extension 'python_setup_py'
[0.196s] Level 1:colcon.colcon_core.package_identification:_identify(/home/cem/Sandbox/eca_a9/eca_a9_control/eca_a9_control) by extensions ['ignore', 'ignore_ament_install']
[0.196s] Level 1:colcon.colcon_core.package_identification:_identify(/home/cem/Sandbox/eca_a9/eca_a9_control/eca_a9_control) by extension 'ignore'
[0.196s] Level 1:colcon.colcon_core.package_identification:_identify(/home/cem/Sandbox/eca_a9/eca_a9_control/eca_a9_control) by extension 'ignore_ament_install'
[0.196s] Level 1:colcon.colcon_core.package_identification:_identify(/home/cem/Sandbox/eca_a9/eca_a9_control/eca_a9_control) by extensions ['colcon_pkg']
[0.196s] Level 1:colcon.colcon_core.package_identification:_identify(/home/cem/Sandbox/eca_a9/eca_a9_control/eca_a9_control) by extension 'colcon_pkg'
[0.196s] Level 1:colcon.colcon_core.package_identification:_identify(/home/cem/Sandbox/eca_a9/eca_a9_control/eca_a9_control) by extensions ['colcon_meta']
[0.196s] Level 1:colcon.colcon_core.package_identification:_identify(/home/cem/Sandbox/eca_a9/eca_a9_control/eca_a9_control) by extension 'colcon_meta'
[0.196s] Level 1:colcon.colcon_core.package_identification:_identify(/home/cem/Sandbox/eca_a9/eca_a9_control/eca_a9_control) by extensions ['ros']
[0.196s] Level 1:colcon.colcon_core.package_identification:_identify(/home/cem/Sandbox/eca_a9/eca_a9_control/eca_a9_control) by extension 'ros'
[0.199s] DEBUG:colcon.colcon_core.package_identification:Package '/home/cem/Sandbox/eca_a9/eca_a9_control/eca_a9_control' with type 'ros.ament_cmake' and name 'eca_a9_control'
[0.199s] Level 1:colcon.colcon_core.package_identification:_identify(/home/cem/Sandbox/eca_a9/eca_a9_description) by extensions ['ignore', 'ignore_ament_install']
[0.199s] Level 1:colcon.colcon_core.package_identification:_identify(/home/cem/Sandbox/eca_a9/eca_a9_description) by extension 'ignore'
[0.199s] Level 1:colcon.colcon_core.package_identification:_identify(/home/cem/Sandbox/eca_a9/eca_a9_description) by extension 'ignore_ament_install'
[0.199s] Level 1:colcon.colcon_core.package_identification:_identify(/home/cem/Sandbox/eca_a9/eca_a9_description) by extensions ['colcon_pkg']
[0.199s] Level 1:colcon.colcon_core.package_identification:_identify(/home/cem/Sandbox/eca_a9/eca_a9_description) by extension 'colcon_pkg'
[0.199s] Level 1:colcon.colcon_core.package_identification:_identify(/home/cem/Sandbox/eca_a9/eca_a9_description) by extensions ['colcon_meta']
[0.199s] Level 1:colcon.colcon_core.package_identification:_identify(/home/cem/Sandbox/eca_a9/eca_a9_description) by extension 'colcon_meta'
[0.199s] Level 1:colcon.colcon_core.package_identification:_identify(/home/cem/Sandbox/eca_a9/eca_a9_description) by extensions ['ros']
[0.199s] Level 1:colcon.colcon_core.package_identification:_identify(/home/cem/Sandbox/eca_a9/eca_a9_description) by extension 'ros'
[0.200s] DEBUG:colcon.colcon_core.package_identification:Package '/home/cem/Sandbox/eca_a9/eca_a9_description' with type 'ros.ament_cmake' and name 'eca_a9_description'
[0.200s] Level 1:colcon.colcon_core.package_identification:_identify(/home/cem/Sandbox/eca_a9/eca_a9_gazebo) by extensions ['ignore', 'ignore_ament_install']
[0.200s] Level 1:colcon.colcon_core.package_identification:_identify(/home/cem/Sandbox/eca_a9/eca_a9_gazebo) by extension 'ignore'
[0.200s] Level 1:colcon.colcon_core.package_identification:_identify(/home/cem/Sandbox/eca_a9/eca_a9_gazebo) by extension 'ignore_ament_install'
[0.201s] Level 1:colcon.colcon_core.package_identification:_identify(/home/cem/Sandbox/eca_a9/eca_a9_gazebo) by extensions ['colcon_pkg']
[0.201s] Level 1:colcon.colcon_core.package_identification:_identify(/home/cem/Sandbox/eca_a9/eca_a9_gazebo) by extension 'colcon_pkg'
[0.201s] Level 1:colcon.colcon_core.package_identification:_identify(/home/cem/Sandbox/eca_a9/eca_a9_gazebo) by extensions ['colcon_meta']
[0.201s] Level 1:colcon.colcon_core.package_identification:_identify(/home/cem/Sandbox/eca_a9/eca_a9_gazebo) by extension 'colcon_meta'
[0.201s] Level 1:colcon.colcon_core.package_identification:_identify(/home/cem/Sandbox/eca_a9/eca_a9_gazebo) by extensions ['ros']
[0.201s] Level 1:colcon.colcon_core.package_identification:_identify(/home/cem/Sandbox/eca_a9/eca_a9_gazebo) by extension 'ros'
[0.202s] DEBUG:colcon.colcon_core.package_identification:Package '/home/cem/Sandbox/eca_a9/eca_a9_gazebo' with type 'ros.ament_cmake' and name 'eca_a9_gazebo'
[0.202s] Level 1:colcon.colcon_core.package_identification:_identify(/home/cem/Sandbox/eca_a9/images) by extensions ['ignore', 'ignore_ament_install']
[0.202s] Level 1:colcon.colcon_core.package_identification:_identify(/home/cem/Sandbox/eca_a9/images) by extension 'ignore'
[0.202s] Level 1:colcon.colcon_core.package_identification:_identify(/home/cem/Sandbox/eca_a9/images) by extension 'ignore_ament_install'
[0.202s] Level 1:colcon.colcon_core.package_identification:_identify(/home/cem/Sandbox/eca_a9/images) by extensions ['colcon_pkg']
[0.202s] Level 1:colcon.colcon_core.package_identification:_identify(/home/cem/Sandbox/eca_a9/images) by extension 'colcon_pkg'
[0.202s] Level 1:colcon.colcon_core.package_identification:_identify(/home/cem/Sandbox/eca_a9/images) by extensions ['colcon_meta']
[0.202s] Level 1:colcon.colcon_core.package_identification:_identify(/home/cem/Sandbox/eca_a9/images) by extension 'colcon_meta'
[0.202s] Level 1:colcon.colcon_core.package_identification:_identify(/home/cem/Sandbox/eca_a9/images) by extensions ['ros']
[0.202s] Level 1:colcon.colcon_core.package_identification:_identify(/home/cem/Sandbox/eca_a9/images) by extension 'ros'
[0.202s] Level 1:colcon.colcon_core.package_identification:_identify(/home/cem/Sandbox/eca_a9/images) by extensions ['cmake', 'python']
[0.202s] Level 1:colcon.colcon_core.package_identification:_identify(/home/cem/Sandbox/eca_a9/images) by extension 'cmake'
[0.202s] Level 1:colcon.colcon_core.package_identification:_identify(/home/cem/Sandbox/eca_a9/images) by extension 'python'
[0.203s] Level 1:colcon.colcon_core.package_identification:_identify(/home/cem/Sandbox/eca_a9/images) by extensions ['python_setup_py']
[0.203s] Level 1:colcon.colcon_core.package_identification:_identify(/home/cem/Sandbox/eca_a9/images) by extension 'python_setup_py'
[0.203s] Level 1:colcon.colcon_core.package_identification:_identify(/home/cem/Sandbox/eca_a9/log) by extensions ['ignore', 'ignore_ament_install']
[0.203s] Level 1:colcon.colcon_core.package_identification:_identify(/home/cem/Sandbox/eca_a9/log) by extension 'ignore'
[0.203s] Level 1:colcon.colcon_core.package_identification:_identify(/home/cem/Sandbox/eca_a9/log) ignored
[0.203s] Level 1:colcon.colcon_core.package_discovery:discover_packages(recursive) using defaults
